0.9313780955178147 0.7237353991865626
0.8469575816664723 0.15834069893266123
0.8100385621731525 -0.3414101406090928
0.8039848232899293 -0.23576207004343347
0.7958408923127196 -0.2312535968198896
0.7958408923127196 -0.2312535968198896
0.7958408923127196 -0.2312535968198896
0.6098129099095971 0.4544705848708855
0.6029297823737388 0.4544705848708855
0.5866859443858407 0.4530184149917524
0.5636048032804851 0.35378225507657296
0.5434458448468654 0.263216128048417
0.5275670572650286 0.30456237143514736
0.500140781871055 0.018297771052107975
0.4779216616363655 -0.15662237496511977
0.4648358954981823 -0.30487461101816554
0.45092584908801053 -0.30487461101816554
0.43730640242920094 -0.3039876895824226
0.4120133634398675 -0.18129193958895468
0.4017639569085666 -0.12967811032325807
0.3687463258946736 -0.05718536541748129
0.34919661712183747 -0.04562358457366003
0.33485859720560784 -0.04382530483720473
0.32045727122914347 -0.0012271684690593199
0.30430755636079304 0.18536579257799707
0.28545368305769664 0.15641502467636983
0.26771270156795984 0.15378166093710827
0.2506874545840665 0.10793938032810305
0.22800682776751485 0.16249987704175733
0.21080142577053643 0.1745354634705746
0.18706216128790848 0.05902252610875056
0.17228066965665567 -0.020771522569260452
0.1527854549294105 -0.018918611168550523
0.13128699110937148 -0.1039403242529928
0.11059638416514665 -0.03393710387760185
0.09291904774644572 -0.04611605858839765
0.0703595508727756 -0.07139418253741392
0.045227982898461694 0.03591255237577279
0.019122136987866883 -0.03393710387760185
0.0 -0.0710038016766925
