0.8720260146631235 0.45552745221406205
0.8720260146631235 0.45552745221406205
0.8133342373063349 -0.2912375994143557
0.8133342373063349 -0.2912375994143557
0.8076028730492919 -0.09157214830818813
0.8076028730492919 -0.09157214830818813
0.7986995692855443 -0.09157214830818813
0.6033388802096007 0.4544143792847899
0.6033388802096007 0.4544143792847899
0.5901713417496441 0.4923648156980717
0.5645042057643807 0.4943643169045288
0.5401957223723484 0.3287988619928446
0.5243381762800486 0.14616611667616625
0.5121276009615241 0.11764463182426474
0.48284236823183896 -0.05726255454690128
0.4582301921900551 -0.25217004630045703
0.44583679035132157 -0.3412896402466248
0.4261292187385757 -0.263501923822248
0.41357220674847717 -0.19590013766101927
0.41357220674847717 -0.19590013766101927
0.38826769688375645 -0.08822361502574332
0.3623469902481979 0.0024977961337005056
0.3395466756359869 0.0024977961337005056
0.3241116127012316 0.012120799920901322
0.2955444568947479 0.1669733736692352
0.2859751913216404 0.21902146091756863
0.271949899891292 0.27041137293576245
0.25024002096104914 0.16657224356343964
0.22991509972351148 0.17290272305206125
0.21487344704240258 0.060681119446788584
0.18973337861430134 0.07002068908162494
0.17123753427499916 0.012789856654308318
0.15705210621672222 0.09410380693334928
0.13352457467117657 0.041843560101954225
0.1121374255202369 0.02454445101330288
0.08927974499597646 0.0033182029930430915
0.06352819181638913 0.0024952090140119634
0.04024656473482076 -0.06127425387698304
0.021865123740961265 0.0024952090140119634
0.0 -0.05010902455747828
